2023-12-16 17:27:31,585 [INFO] Activator:176 - 


2023-12-16 17:27:31,590 [INFO] Activator:177 - !SESSION log4j initialized
2023-12-16 17:27:36,676 [ERROR] LogOutputStream:75 - [STDERR_REDIRECT] 
2023-12-16 17:27:37,612 [INFO] LogOutputStream:77 - [STDOUT_REDIRECT] 
2023-12-16 17:27:40,979 [INFO] LogOutputStream:77 - [STDOUT_REDIRECT] 
2023-12-16 17:27:43,211 [ERROR] LogOutputStream:75 - [STDERR_REDIRECT] java.net.URISyntaxException: Illegal character in path at index 26: file:/Users/dennischang/My Drive/Engineering/Projects/Robot-Sumo/Software/.metadata/.log4j2.xml
2023-12-16 17:27:43,212 [ERROR] LogOutputStream:75 - [STDERR_REDIRECT] 	at java.base/java.net.URI$Parser.fail(URI.java:2974)
2023-12-16 17:27:43,213 [ERROR] LogOutputStream:75 - [STDERR_REDIRECT] 	at java.base/java.net.URI$Parser.checkChars(URI.java:3145)
2023-12-16 17:27:43,213 [ERROR] LogOutputStream:75 - [STDERR_REDIRECT] 	at java.base/java.net.URI$Parser.parseHierarchical(URI.java:3227)
2023-12-16 17:27:43,219 [ERROR] LogOutputStream:75 - [STDERR_REDIRECT] 	at java.base/java.net.URI$Parser.parse(URI.java:3175)
2023-12-16 17:27:43,220 [ERROR] LogOutputStream:75 - [STDERR_REDIRECT] 	at java.base/java.net.URI.<init>(URI.java:623)
2023-12-16 17:27:43,221 [ERROR] LogOutputStream:75 - [STDERR_REDIRECT] 	at java.base/java.net.URL.toURI(URL.java:1056)
2023-12-16 17:27:43,221 [ERROR] LogOutputStream:75 - [STDERR_REDIRECT] 	at com.st.stm32cube.common.mx.core.CubeMxInstance.getInstance(CubeMxInstance.java:81)
2023-12-16 17:27:43,221 [ERROR] LogOutputStream:75 - [STDERR_REDIRECT] 	at com.st.stm32cube.common.mx.userauth.UserAuthAdapter.<init>(UserAuthAdapter.java:18)
2023-12-16 17:27:43,221 [ERROR] LogOutputStream:75 - [STDERR_REDIRECT] 	at com.st.stm32cube.common.mx.userauth.UserAuthProvider.getUserAuthAdapter(UserAuthProvider.java:9)
2023-12-16 17:27:43,225 [ERROR] LogOutputStream:75 - [STDERR_REDIRECT] 	at com.st.stm32cube.common.ecosystemintegration.ui.core.MCUEcoSystemIntegrationUiHelper.getUserAuth(MCUEcoSystemIntegrationUiHelper.java:100)
2023-12-16 17:27:43,225 [ERROR] LogOutputStream:75 - [STDERR_REDIRECT] 	at com.st.stm32cube.ide.mcu.userauth.UserAuthStartup.earlyStartup(UserAuthStartup.java:41)
2023-12-16 17:27:43,225 [ERROR] LogOutputStream:75 - [STDERR_REDIRECT] 	at org.eclipse.ui.internal.EarlyStartupRunnable.runEarlyStartup(EarlyStartupRunnable.java:79)
2023-12-16 17:27:43,225 [ERROR] LogOutputStream:75 - [STDERR_REDIRECT] 	at org.eclipse.ui.internal.EarlyStartupRunnable.run(EarlyStartupRunnable.java:55)
2023-12-16 17:27:43,225 [ERROR] LogOutputStream:75 - [STDERR_REDIRECT] 	at org.eclipse.core.runtime.SafeRunner.run(SafeRunner.java:45)
2023-12-16 17:27:43,225 [ERROR] LogOutputStream:75 - [STDERR_REDIRECT] 	at org.eclipse.ui.internal.Workbench$39.run(Workbench.java:2656)
2023-12-16 17:27:43,225 [ERROR] LogOutputStream:75 - [STDERR_REDIRECT] 	at org.eclipse.core.internal.jobs.Worker.run(Worker.java:63)
2023-12-16 17:27:43,324 [INFO] ApplicationProperties:184 - Using Application install path: /Applications/STM32CubeIDE.app/Contents/Eclipse/plugins/com.st.stm32cube.common.mx_6.9.2.202309101412
2023-12-16 17:27:43,339 [INFO] DbMcusXml:78 - Set database path to: /Applications/STM32CubeIDE.app/Contents/Eclipse/plugins/com.st.stm32cube.common.mx_6.9.2.202309101412//db//mcu/
2023-12-16 17:27:43,339 [INFO] ApiDb:274 - Set plugin database path to: /Applications/STM32CubeIDE.app/Contents/Eclipse/plugins/com.st.stm32cube.common.mx_6.9.2.202309101412//db//plugins/boardmanager/
2023-12-16 17:27:43,340 [WARN] ApiDb:259 - Overriding images path with different value:  => /Applications/STM32CubeIDE.app/Contents/Eclipse/plugins/com.st.stm32cube.common.mx_6.9.2.202309101412//db//plugins/mcufinder/images/
2023-12-16 17:27:43,359 [INFO] ApiDb:250 - Set database path to: /Users/dennischang/.stmcufinder/plugins/mcufinder//mcu/
2023-12-16 17:27:43,359 [INFO] DbMcusAds:125 - Set database path to: /Users/dennischang/.stmcufinder/plugins/mcufinder//mcu/
2023-12-16 17:27:43,360 [INFO] CrossReferenceDbSqlite:203 - Set database path to: /Users/dennischang/.stmcufinder/plugins/mcufinder//mcu/cs/
2023-12-16 17:27:43,468 [INFO] RulesReader:64 - Compatibility file has been processed (293 Rules)
2023-12-16 17:27:43,521 [INFO] DbMcusXml:78 - Set database path to: /Applications/STM32CubeIDE.app/Contents/Eclipse/plugins/com.st.stm32cube.common.mx_6.9.2.202309101412//db//mcu/
2023-12-16 17:27:43,521 [INFO] ApiDb:274 - Set plugin database path to: /Applications/STM32CubeIDE.app/Contents/Eclipse/plugins/com.st.stm32cube.common.mx_6.9.2.202309101412//db//plugins/boardmanager/
2023-12-16 17:27:43,522 [INFO] ApiDb:261 - Set plugin images path to: /Applications/STM32CubeIDE.app/Contents/Eclipse/plugins/com.st.stm32cube.common.mx_6.9.2.202309101412//db//plugins/mcufinder/images/
2023-12-16 17:27:43,522 [WARN] DbFile:41 - Overriding database path with different value: /Users/dennischang/.stmcufinder/plugins/mcufinder/ => /Users/dennischang/.stmcufinder/plugins/mcufinder
2023-12-16 17:27:43,522 [INFO] ApiDb:250 - Set database path to: /Users/dennischang/.stmcufinder/plugins/mcufinder//mcu/
2023-12-16 17:27:43,522 [WARN] DbFile:41 - Overriding database path with different value: /Users/dennischang/.stmcufinder/plugins/mcufinder/ => /Users/dennischang/.stmcufinder/plugins/mcufinder
2023-12-16 17:27:43,522 [INFO] DbMcusAds:125 - Set database path to: /Users/dennischang/.stmcufinder/plugins/mcufinder//mcu/
2023-12-16 17:27:43,522 [WARN] DbFile:41 - Overriding database path with different value: /Users/dennischang/.stmcufinder/plugins/mcufinder/ => /Users/dennischang/.stmcufinder/plugins/mcufinder
2023-12-16 17:27:43,522 [WARN] DbFile:41 - Overriding database path with different value: /Users/dennischang/.stmcufinder/plugins/mcufinder/ => /Users/dennischang/.stmcufinder/plugins/mcufinder
2023-12-16 17:27:43,522 [INFO] CrossReferenceDbSqlite:203 - Set database path to: /Users/dennischang/.stmcufinder/plugins/mcufinder//mcu/cs/
2023-12-16 17:27:43,585 [INFO] MainPanel:262 - HeapMemory: 268435456
2023-12-16 17:27:43,654 [INFO] DbMcusXml:78 - Set database path to: /Applications/STM32CubeIDE.app/Contents/Eclipse/plugins/com.st.stm32cube.common.mx_6.9.2.202309101412//db//mcu/
2023-12-16 17:27:43,655 [INFO] ApiDb:274 - Set plugin database path to: /Applications/STM32CubeIDE.app/Contents/Eclipse/plugins/com.st.stm32cube.common.mx_6.9.2.202309101412//db//plugins/boardmanager/
2023-12-16 17:27:43,655 [INFO] ApiDb:261 - Set plugin images path to: /Applications/STM32CubeIDE.app/Contents/Eclipse/plugins/com.st.stm32cube.common.mx_6.9.2.202309101412//db//plugins/mcufinder/images/
2023-12-16 17:27:43,655 [WARN] DbFile:41 - Overriding database path with different value: /Users/dennischang/.stmcufinder/plugins/mcufinder/ => /Users/dennischang/.stmcufinder/plugins/mcufinder
2023-12-16 17:27:43,655 [INFO] ApiDb:250 - Set database path to: /Users/dennischang/.stmcufinder/plugins/mcufinder//mcu/
2023-12-16 17:27:43,655 [WARN] DbFile:41 - Overriding database path with different value: /Users/dennischang/.stmcufinder/plugins/mcufinder/ => /Users/dennischang/.stmcufinder/plugins/mcufinder
2023-12-16 17:27:43,655 [INFO] DbMcusAds:125 - Set database path to: /Users/dennischang/.stmcufinder/plugins/mcufinder//mcu/
2023-12-16 17:27:43,655 [WARN] DbFile:41 - Overriding database path with different value: /Users/dennischang/.stmcufinder/plugins/mcufinder/ => /Users/dennischang/.stmcufinder/plugins/mcufinder
2023-12-16 17:27:43,656 [WARN] DbFile:41 - Overriding database path with different value: /Users/dennischang/.stmcufinder/plugins/mcufinder/ => /Users/dennischang/.stmcufinder/plugins/mcufinder
2023-12-16 17:27:43,656 [INFO] CrossReferenceDbSqlite:203 - Set database path to: /Users/dennischang/.stmcufinder/plugins/mcufinder//mcu/cs/
2023-12-16 17:27:43,670 [INFO] ApplicationProperties:184 - Using Application install path: /Applications/STM32CubeIDE.app/Contents/Eclipse/plugins/com.st.stm32cube.common.mx_6.9.2.202309101412
2023-12-16 17:27:43,671 [INFO] PluginManage:196 - Search for loadable plugins [exclusion list=, ]
2023-12-16 17:27:43,673 [INFO] PluginManage:310 - Check plugin analytics
2023-12-16 17:27:43,855 [INFO] AnalyticsPlugin:253 - Accepted Software Licenses: 
2023-12-16 17:27:43,855 [INFO] AnalyticsPlugin:255 - Accepted CMSIS Pack Licenses: 
2023-12-16 17:27:43,855 [INFO] AnalyticsPlugin:257 - Accepted Firmware Licenses: 
2023-12-16 17:27:43,859 [INFO] PluginManage:359 - Loaded plugin analytics (category:tool,tabindex:-1)
2023-12-16 17:27:43,861 [INFO] PluginManage:310 - Check plugin cadmodel
2023-12-16 17:27:44,336 [INFO] CADModel:105 - Init CAD model plugin
2023-12-16 17:27:44,336 [INFO] PluginManage:359 - Loaded plugin cadmodel (category:power,tabindex:5)
2023-12-16 17:27:44,336 [INFO] PluginManage:310 - Check plugin clock
2023-12-16 17:27:44,360 [INFO] PluginManage:359 - Loaded plugin clock (category:base,tabindex:2)
2023-12-16 17:27:44,361 [INFO] PluginManage:310 - Check plugin ddr
2023-12-16 17:27:44,364 [INFO] PluginManage:359 - Loaded plugin ddr (category:tool,tabindex:6)
2023-12-16 17:27:44,364 [INFO] PluginManage:310 - Check plugin filemanager
2023-12-16 17:27:44,498 [INFO] PluginManage:359 - Loaded plugin filemanager (category:base,tabindex:10)
2023-12-16 17:27:44,499 [INFO] PluginManage:310 - Check plugin ipmanager
2023-12-16 17:27:44,513 [INFO] PluginManage:359 - Loaded plugin ipmanager (category:base,tabindex:5)
2023-12-16 17:27:44,514 [INFO] PluginManage:310 - Check plugin lpbam
2023-12-16 17:27:44,521 [INFO] PluginManage:359 - Loaded plugin lpbam (category:base,tabindex:0)
2023-12-16 17:27:44,522 [INFO] PluginManage:310 - Check plugin memorymap
2023-12-16 17:27:44,529 [INFO] PluginManage:359 - Loaded plugin memorymap (category:base,tabindex:4)
2023-12-16 17:27:44,530 [INFO] PluginManage:310 - Check plugin pinoutandconfiguration
2023-12-16 17:27:44,535 [INFO] PluginManage:359 - Loaded plugin pinoutandconfiguration (category:base,tabindex:1)
2023-12-16 17:27:44,535 [INFO] PluginManage:310 - Check plugin pinoutconfig
2023-12-16 17:27:44,610 [WARN] SupportedApi:132 - Cannot load RTOS API schema: s4s-elt-must-match.1: The content of 'definitions' must match (annotation?, (simpleType | complexType)?, (unique | key | keyref)*)). A problem was found starting at: attribute.
2023-12-16 17:27:44,778 [INFO] PluginManage:359 - Loaded plugin pinoutconfig (category:base,tabindex:0)
2023-12-16 17:27:44,778 [INFO] PluginManage:310 - Check plugin power
2023-12-16 17:27:44,787 [INFO] PluginManage:359 - Loaded plugin power (category:power,tabindex:4)
2023-12-16 17:27:44,787 [INFO] PluginManage:310 - Check plugin projectmanager
2023-12-16 17:27:44,805 [INFO] PluginManage:359 - Loaded plugin projectmanager (category:projectmanager,tabindex:3)
2023-12-16 17:27:44,805 [INFO] PluginManage:310 - Check plugin thirdparty
2023-12-16 17:27:44,960 [INFO] PluginManage:359 - Loaded plugin thirdparty (category:base,tabindex:-1)
2023-12-16 17:27:44,961 [INFO] PluginManage:310 - Check plugin tools
2023-12-16 17:27:44,960 [WARN] IntegrityCheckThread:84 - waiting for thirdparty lock release [integrity check]
2023-12-16 17:27:44,961 [INFO] IntegrityCheckThread:86 - entering critical section [integrity check]
2023-12-16 17:27:44,963 [INFO] ThirdPartyUpdaterWithRetryManager:70 - Updater plugin not ready yet. [1/15]
2023-12-16 17:27:44,965 [INFO] PluginManage:359 - Loaded plugin tools (category:base,tabindex:7)
2023-12-16 17:27:44,966 [INFO] PluginManage:310 - Check plugin tutovideos
2023-12-16 17:27:45,159 [INFO] PluginManage:359 - Loaded plugin tutovideos (category:base,tabindex:-1)
2023-12-16 17:27:45,162 [INFO] PluginManage:310 - Check plugin updater
2023-12-16 17:27:45,181 [INFO] PluginManage:359 - Loaded plugin updater (category:base,tabindex:12)
2023-12-16 17:27:45,181 [INFO] PluginManage:310 - Check plugin userauth
2023-12-16 17:27:45,187 [INFO] UserAuth:113 - Init User Auth plugin
2023-12-16 17:27:45,187 [INFO] PluginManage:359 - Loaded plugin userauth (category:base,tabindex:14)
2023-12-16 17:27:45,187 [INFO] PluginManage:283 - PluginManage : Loaded plugins [17]
2023-12-16 17:27:45,518 [INFO] PinOutPanel:1499 - setPackage(No Configuration,No Configuration)
2023-12-16 17:27:45,590 [INFO] CADModel:165 - CPN selected for project level
2023-12-16 17:27:45,591 [INFO] CADModel:114 - Register for checkConnection events
2023-12-16 17:27:45,604 [INFO] IPUIPlugin:80 - create IPUIPlugin
2023-12-16 17:27:45,605 [INFO] PluginManager:220 - loadIPPluginJar : add mdma
2023-12-16 17:27:45,610 [INFO] IPUIPlugin:80 - create IPUIPlugin
2023-12-16 17:27:45,611 [INFO] PluginManager:220 - loadIPPluginJar : add freertos
2023-12-16 17:27:45,613 [INFO] IPUIPlugin:80 - create IPUIPlugin
2023-12-16 17:27:45,613 [INFO] PluginManager:220 - loadIPPluginJar : add gic
2023-12-16 17:27:45,617 [INFO] IPUIPlugin:80 - create IPUIPlugin
2023-12-16 17:27:45,618 [INFO] PluginManager:220 - loadIPPluginJar : add adc
2023-12-16 17:27:45,619 [INFO] IPUIPlugin:80 - create IPUIPlugin
2023-12-16 17:27:45,619 [INFO] PluginManager:220 - loadIPPluginJar : add gtzc
2023-12-16 17:27:45,620 [INFO] IPUIPlugin:80 - create IPUIPlugin
2023-12-16 17:27:45,620 [INFO] PluginManager:220 - loadIPPluginJar : add quadspi
2023-12-16 17:27:45,621 [INFO] IPUIPlugin:80 - create IPUIPlugin
2023-12-16 17:27:45,621 [INFO] PluginManager:220 - loadIPPluginJar : add aes
2023-12-16 17:27:45,623 [INFO] IPUIPlugin:80 - create IPUIPlugin
2023-12-16 17:27:45,623 [INFO] PluginManager:220 - loadIPPluginJar : add pdm2pcm
2023-12-16 17:27:45,624 [INFO] IPUIPlugin:80 - create IPUIPlugin
2023-12-16 17:27:45,625 [INFO] PluginManager:220 - loadIPPluginJar : add hash
2023-12-16 17:27:45,626 [INFO] IPUIPlugin:80 - create IPUIPlugin
2023-12-16 17:27:45,626 [INFO] PluginManager:220 - loadIPPluginJar : add tim
2023-12-16 17:27:45,626 [INFO] IPUIPlugin:80 - create IPUIPlugin
2023-12-16 17:27:45,626 [INFO] PluginManager:220 - loadIPPluginJar : add tsc
2023-12-16 17:27:45,627 [INFO] IPUIPlugin:80 - create IPUIPlugin
2023-12-16 17:27:45,628 [INFO] PluginManager:220 - loadIPPluginJar : add ts
2023-12-16 17:27:45,629 [INFO] IPUIPlugin:80 - create IPUIPlugin
2023-12-16 17:27:45,629 [INFO] PluginManager:220 - loadIPPluginJar : add can
2023-12-16 17:27:45,631 [INFO] IPUIPlugin:80 - create IPUIPlugin
2023-12-16 17:27:45,632 [INFO] PluginManager:220 - loadIPPluginJar : add dma3
2023-12-16 17:27:45,635 [INFO] IPUIPlugin:80 - create IPUIPlugin
2023-12-16 17:27:45,636 [INFO] PluginManager:220 - loadIPPluginJar : add dfsdm
2023-12-16 17:27:45,637 [INFO] IPUIPlugin:80 - create IPUIPlugin
2023-12-16 17:27:45,637 [INFO] PluginManager:220 - loadIPPluginJar : add spi
2023-12-16 17:27:45,639 [INFO] IPUIPlugin:80 - create IPUIPlugin
2023-12-16 17:27:45,639 [INFO] PluginManager:220 - loadIPPluginJar : add gfxmmu
2023-12-16 17:27:45,641 [INFO] IPUIPlugin:80 - create IPUIPlugin
2023-12-16 17:27:45,641 [INFO] PluginManager:220 - loadIPPluginJar : add genericplugin
2023-12-16 17:27:45,642 [INFO] IPUIPlugin:80 - create IPUIPlugin
2023-12-16 17:27:45,642 [INFO] PluginManager:220 - loadIPPluginJar : add cryp
2023-12-16 17:27:45,643 [INFO] IPUIPlugin:80 - create IPUIPlugin
2023-12-16 17:27:45,644 [INFO] PluginManager:220 - loadIPPluginJar : add gpio
2023-12-16 17:27:45,645 [INFO] IPUIPlugin:80 - create IPUIPlugin
2023-12-16 17:27:45,645 [INFO] PluginManager:220 - loadIPPluginJar : add comp
2023-12-16 17:27:45,646 [INFO] IPUIPlugin:80 - create IPUIPlugin
2023-12-16 17:27:45,646 [INFO] PluginManager:220 - loadIPPluginJar : add tracer_emb
2023-12-16 17:27:45,647 [INFO] IPUIPlugin:80 - create IPUIPlugin
2023-12-16 17:27:45,648 [INFO] PluginManager:220 - loadIPPluginJar : add openamp
2023-12-16 17:27:45,649 [INFO] IPUIPlugin:80 - create IPUIPlugin
2023-12-16 17:27:45,650 [INFO] PluginManager:220 - loadIPPluginJar : add stm32_wpan
2023-12-16 17:27:45,654 [INFO] IPUIPlugin:80 - create IPUIPlugin
2023-12-16 17:27:45,657 [INFO] PluginManager:220 - loadIPPluginJar : add plateformsettings
2023-12-16 17:27:45,659 [INFO] IPUIPlugin:80 - create IPUIPlugin
2023-12-16 17:27:45,660 [INFO] PluginManager:220 - loadIPPluginJar : add ipddr
2023-12-16 17:27:45,661 [INFO] IPUIPlugin:80 - create IPUIPlugin
2023-12-16 17:27:45,661 [INFO] PluginManager:220 - loadIPPluginJar : add usart
2023-12-16 17:27:45,661 [INFO] IPUIPlugin:80 - create IPUIPlugin
2023-12-16 17:27:45,661 [INFO] PluginManager:220 - loadIPPluginJar : add ltdc
2023-12-16 17:27:45,663 [INFO] IPUIPlugin:80 - create IPUIPlugin
2023-12-16 17:27:45,663 [INFO] PluginManager:220 - loadIPPluginJar : add nvic
2023-12-16 17:27:45,663 [INFO] IPUIPlugin:80 - create IPUIPlugin
2023-12-16 17:27:45,663 [INFO] PluginManager:220 - loadIPPluginJar : add fatfs
2023-12-16 17:27:45,666 [INFO] IPUIPlugin:80 - create IPUIPlugin
2023-12-16 17:27:45,666 [INFO] PluginManager:220 - loadIPPluginJar : add linkedlist
2023-12-16 17:27:45,669 [INFO] IPUIPlugin:80 - create IPUIPlugin
2023-12-16 17:27:45,669 [INFO] PluginManager:220 - loadIPPluginJar : add dma
2023-12-16 17:27:45,670 [INFO] IPUIPlugin:80 - create IPUIPlugin
2023-12-16 17:27:45,670 [INFO] PluginManager:220 - loadIPPluginJar : add fmc
2023-12-16 17:27:45,672 [INFO] IPUIPlugin:80 - create IPUIPlugin
2023-12-16 17:27:45,672 [INFO] PluginManager:220 - loadIPPluginJar : add i2s
2023-12-16 17:27:45,675 [INFO] IPUIPlugin:80 - create IPUIPlugin
2023-12-16 17:27:45,675 [INFO] PluginManager:220 - loadIPPluginJar : add ucpd
2023-12-16 17:27:45,676 [INFO] IPUIPlugin:80 - create IPUIPlugin
2023-12-16 17:27:45,676 [INFO] PluginManager:220 - loadIPPluginJar : add lorawan
2023-12-16 17:27:45,677 [INFO] IPUIPlugin:80 - create IPUIPlugin
2023-12-16 17:27:45,677 [INFO] PluginManager:220 - loadIPPluginJar : add opamp
2023-12-16 17:27:45,678 [INFO] IPUIPlugin:80 - create IPUIPlugin
2023-12-16 17:27:45,678 [INFO] PluginManager:220 - loadIPPluginJar : add i3c
2023-12-16 17:27:45,679 [INFO] IPUIPlugin:80 - create IPUIPlugin
2023-12-16 17:27:45,679 [INFO] PluginManager:220 - loadIPPluginJar : add touchsensing
2023-12-16 17:27:45,680 [INFO] IPUIPlugin:80 - create IPUIPlugin
2023-12-16 17:27:45,680 [INFO] PluginManager:220 - loadIPPluginJar : add i2c
2023-12-16 17:27:45,681 [INFO] IPUIPlugin:80 - create IPUIPlugin
2023-12-16 17:27:45,682 [INFO] PluginManager:220 - loadIPPluginJar : add resmgrutility
2023-12-16 17:27:45,683 [INFO] IPUIPlugin:80 - create IPUIPlugin
2023-12-16 17:27:45,683 [INFO] PluginManager:220 - loadIPPluginJar : add sai
2023-12-16 17:27:45,684 [INFO] IPUIPlugin:80 - create IPUIPlugin
2023-12-16 17:27:45,684 [INFO] PluginManager:220 - loadIPPluginJar : add usbx
2023-12-16 17:27:45,831 [INFO] CADModel:165 - CPN selected for project level
2023-12-16 17:27:45,834 [INFO] CADModel:114 - Register for checkConnection events
2023-12-16 17:27:45,835 [FATAL] Updater:308 - Updater called before beeing initialized
2023-12-16 17:27:45,835 [ERROR] CADModel:125 - Updater not yet initialized, retry later 
2023-12-16 17:27:46,028 [INFO] CADModel:165 - CPN selected for project level
2023-12-16 17:27:46,029 [INFO] CADModel:114 - Register for checkConnection events
2023-12-16 17:27:46,029 [FATAL] Updater:308 - Updater called before beeing initialized
2023-12-16 17:27:46,029 [ERROR] CADModel:125 - Updater not yet initialized, retry later 
2023-12-16 17:27:46,031 [FATAL] Updater:308 - Updater called before beeing initialized
2023-12-16 17:27:46,162 [FATAL] Updater:308 - Updater called before beeing initialized
2023-12-16 17:27:46,170 [INFO] DbMcusAds:53 - JSON generation date=Tue Mar 07 16:50:55 CST 2023 (1678179055114)
2023-12-16 17:27:46,170 [FATAL] Updater:308 - Updater called before beeing initialized
2023-12-16 17:27:46,281 [WARN] DetailPanel:346 - Failed to get advertising image, set to default
2023-12-16 17:27:46,353 [FATAL] Updater:308 - Updater called before beeing initialized
2023-12-16 17:27:46,354 [FATAL] Updater:308 - Updater called before beeing initialized
2023-12-16 17:27:46,354 [FATAL] Updater:308 - Updater called before beeing initialized
2023-12-16 17:27:46,355 [WARN] DetailPanel:346 - Failed to get advertising image, set to default
2023-12-16 17:27:46,356 [FATAL] Updater:308 - Updater called before beeing initialized
2023-12-16 17:27:46,405 [ERROR] Updater:1120 - MainUpdater not yet initialized. External WinMGr cannot be set.
2023-12-16 17:27:46,446 [INFO] Updater:1056 - Updater Version found : 6.9.2
2023-12-16 17:27:46,471 [INFO] ApplicationProperties:184 - Using Application install path: /Applications/STM32CubeIDE.app/Contents/Eclipse/plugins/com.st.stm32cube.common.mx_6.9.2.202309101412
2023-12-16 17:27:47,351 [INFO] MainUpdater:2868 - connection check result : 10
2023-12-16 17:27:47,353 [INFO] MainUpdater:3562 - Updater definition file requires update
2023-12-16 17:27:47,354 [INFO] MainUpdater:285 - Updater Check For Update Now.
2023-12-16 17:27:47,355 [INFO] MicroXplorer:498 - Change Database Version : DB.6.0.92
2023-12-16 17:27:47,363 [INFO] McuFinderGlobals:63 - Set McuFinder mode to 2 (CubeIDE integrated)
2023-12-16 17:27:47,363 [INFO] UserAuth:179 - activating auth plugin
2023-12-16 17:27:47,379 [INFO] UserAuth:393 - Internet connection configuration mode: 1
2023-12-16 17:27:47,391 [INFO] JxBrowserEngine:151 - Initiate JxBrowser Engine with user profile folder
2023-12-16 17:27:47,574 [INFO] ServerAccessManage:473 - Download File updaters.zip
2023-12-16 17:27:47,970 [WARN] MainUpdater:1189 - Updater busy. Cannot search thirdparties
2023-12-16 17:27:47,971 [INFO] ThirdPartyUpdaterWithRetryManager:96 - Updater plugin is busy. [1/15]
2023-12-16 17:27:49,515 [INFO] FileExtend:240 - Unzip File : updaters.zip
2023-12-16 17:27:49,515 [INFO] FileExtend:255 - Standard Zip Deflate
2023-12-16 17:27:50,278 [INFO] ServerAccessManage:473 - Download File PacksControlFlags.xml
2023-12-16 17:27:50,972 [WARN] MainUpdater:1189 - Updater busy. Cannot search thirdparties
2023-12-16 17:27:50,972 [INFO] ThirdPartyUpdaterWithRetryManager:96 - Updater plugin is busy. [2/15]
2023-12-16 17:27:51,031 [INFO] ServerAccessManage:473 - Download File cubemx.pidx
2023-12-16 17:27:52,041 [INFO] ServerAccessManage:473 - Download File STMicroelectronics.FP-SNS-MOTENVWB1.pdsc
2023-12-16 17:27:53,705 [INFO] ServerAccessManage:473 - Download File STMicroelectronics.X-CUBE-BLEMGR.pdsc
2023-12-16 17:27:53,976 [WARN] MainUpdater:1189 - Updater busy. Cannot search thirdparties
2023-12-16 17:27:53,976 [INFO] ThirdPartyUpdaterWithRetryManager:96 - Updater plugin is busy. [3/15]
2023-12-16 17:27:56,398 [INFO] WebApp:157 - Instantiating new browser for Auth
2023-12-16 17:27:56,744 [INFO] ServerAccessManage:473 - Download File STMicroelectronics.X-CUBE-ISPU.pdsc
2023-12-16 17:27:56,981 [WARN] MainUpdater:1189 - Updater busy. Cannot search thirdparties
2023-12-16 17:27:56,982 [INFO] ThirdPartyUpdaterWithRetryManager:96 - Updater plugin is busy. [4/15]
2023-12-16 17:27:57,334 [INFO] WebApp:753 - Register for checkConnection events
2023-12-16 17:27:57,334 [INFO] WebApp:390 - Apply proxy settings
2023-12-16 17:27:57,339 [INFO] WebApp:455 - Chromium authenticates against System proxy
2023-12-16 17:27:57,471 [INFO] WebApp:188 - Starting web application
2023-12-16 17:27:57,471 [INFO] WebApp:520 - Web application path used /Applications/STM32CubeIDE.app/Contents/Eclipse/plugins/com.st.stm32cube.common.mx_6.9.2.202309101412/db/plugins/mcufinder/reactClient1/index.html
2023-12-16 17:27:59,124 [INFO] ServerAccessManage:473 - Download File STMicroelectronics.X-CUBE-TOF1.pdsc
2023-12-16 17:27:59,991 [WARN] MainUpdater:1189 - Updater busy. Cannot search thirdparties
2023-12-16 17:27:59,993 [INFO] ThirdPartyUpdaterWithRetryManager:96 - Updater plugin is busy. [5/15]
2023-12-16 17:28:02,998 [WARN] MainUpdater:1189 - Updater busy. Cannot search thirdparties
2023-12-16 17:28:02,999 [INFO] ThirdPartyUpdaterWithRetryManager:96 - Updater plugin is busy. [6/15]
2023-12-16 17:28:04,715 [INFO] McuFinderGlobals:63 - Set McuFinder mode to 2 (CubeIDE integrated)
2023-12-16 17:28:06,002 [WARN] MainUpdater:1189 - Updater busy. Cannot search thirdparties
2023-12-16 17:28:06,002 [INFO] ThirdPartyUpdaterWithRetryManager:96 - Updater plugin is busy. [7/15]
2023-12-16 17:28:07,526 [ERROR] ServerAccessManage:1089 - Problem, file not found on Server
2023-12-16 17:28:09,010 [WARN] MainUpdater:1189 - Updater busy. Cannot search thirdparties
2023-12-16 17:28:09,010 [INFO] ThirdPartyUpdaterWithRetryManager:96 - Updater plugin is busy. [8/15]
2023-12-16 17:28:09,854 [INFO] ServerAccessManage:473 - Download File STMicroelectronics.X-CUBE-TOUCHGFX.pdsc
2023-12-16 17:28:12,016 [WARN] MainUpdater:1189 - Updater busy. Cannot search thirdparties
2023-12-16 17:28:12,017 [INFO] ThirdPartyUpdaterWithRetryManager:96 - Updater plugin is busy. [9/15]
2023-12-16 17:28:15,021 [WARN] MainUpdater:1189 - Updater busy. Cannot search thirdparties
2023-12-16 17:28:15,023 [INFO] ThirdPartyUpdaterWithRetryManager:96 - Updater plugin is busy. [10/15]
2023-12-16 17:28:18,027 [WARN] MainUpdater:1189 - Updater busy. Cannot search thirdparties
2023-12-16 17:28:18,028 [INFO] ThirdPartyUpdaterWithRetryManager:96 - Updater plugin is busy. [11/15]
2023-12-16 17:28:18,837 [ERROR] LogOutputStream:75 - [STDERR_REDIRECT] SLF4J: Failed to load class "org.slf4j.impl.StaticLoggerBinder".
2023-12-16 17:28:18,839 [ERROR] LogOutputStream:75 - [STDERR_REDIRECT] SLF4J: Defaulting to no-operation (NOP) logger implementation
2023-12-16 17:28:18,839 [ERROR] LogOutputStream:75 - [STDERR_REDIRECT] SLF4J: See http://www.slf4j.org/codes.html#StaticLoggerBinder for further details.
2023-12-16 17:28:21,031 [WARN] MainUpdater:1189 - Updater busy. Cannot search thirdparties
2023-12-16 17:28:21,033 [INFO] ThirdPartyUpdaterWithRetryManager:96 - Updater plugin is busy. [12/15]
2023-12-16 17:28:24,039 [WARN] MainUpdater:1189 - Updater busy. Cannot search thirdparties
2023-12-16 17:28:24,040 [INFO] ThirdPartyUpdaterWithRetryManager:96 - Updater plugin is busy. [13/15]
2023-12-16 17:28:24,819 [INFO] MainUpdater:2868 - connection check result : 10
2023-12-16 17:28:27,045 [WARN] MainUpdater:1189 - Updater busy. Cannot search thirdparties
2023-12-16 17:28:27,046 [INFO] ThirdPartyUpdaterWithRetryManager:96 - Updater plugin is busy. [14/15]
2023-12-16 17:28:29,718 [INFO] ServerAccessManage:473 - Download File STMicroelectronics.X-CUBE-AZRTOS-H7.pdsc
2023-12-16 17:28:30,049 [WARN] MainUpdater:1189 - Updater busy. Cannot search thirdparties
2023-12-16 17:28:30,049 [INFO] ThirdPartyUpdaterWithRetryManager:96 - Updater plugin is busy. [15/15]
2023-12-16 17:28:30,052 [ERROR] IntegrityCheckThread:130 - Cannot retrieve database content from updater: error -1
2023-12-16 17:28:30,056 [INFO] ThirdParty:978 - Integrity check success = false
2023-12-16 17:28:30,057 [INFO] IntegrityCheckThread:100 - exiting critical section [integrity check]
2023-12-16 17:28:30,057 [INFO] IntegrityCheckThread:103 - End integrity checks thread
2023-12-16 17:28:38,284 [ERROR] ServerAccessManage:1096 - Problem, Http access forbiden
2023-12-16 17:28:38,295 [ERROR] ServerAccessManage:651 - Problem, Http access forbiden : RoweBots.I-CUBE-UNISONRTOS.pdsc.
2023-12-16 17:28:39,794 [ERROR] ServerAccessManage:1172 - Problem during Server Connection :  IO error PKIX path building failed: sun.security.provider.certpath.SunCertPathBuilderException: unable to find valid certification path to requested target
2023-12-16 17:28:39,794 [ERROR] ServerAccessManage:651 - Problem during Server Connection :  : SEGGER.I-CUBE-embOS.pdsc.
2023-12-16 17:28:42,815 [INFO] ServerAccessManage:473 - Download File Infineon.AIROC-Wi-Fi-Bluetooth-STM32.pdsc
2023-12-16 17:28:44,921 [INFO] MainUpdater:2868 - connection check result : 10
2023-12-16 17:28:45,600 [INFO] MicroXplorer:468 - Change Database Path : 
2023-12-16 17:28:45,600 [INFO] MicroXplorer:498 - Change Database Version : DB.6.0.92
2023-12-16 17:28:45,604 [WARN] ThirdParty:871 - waiting for thirdparty lock release [close project]
2023-12-16 17:28:45,605 [INFO] ThirdParty:873 - entering critical section [close project]
2023-12-16 17:28:45,610 [INFO] ThirdParty:883 - exiting critical section [close project]
2023-12-16 17:28:45,616 [INFO] PinOutPanel:1499 - setPackage(No Configuration,No Configuration)
2023-12-16 17:28:45,667 [INFO] UtilMem:75 - Begin LoadConfig() Used Memory: 185513064 Bytes (510656512)
2023-12-16 17:28:45,675 [INFO] OpenFileManager:308 - Change cursor
2023-12-16 17:28:45,698 [WARN] IntegrityCheckThread:84 - waiting for thirdparty lock release [integrity check]
2023-12-16 17:28:45,698 [INFO] IntegrityCheckThread:86 - entering critical section [integrity check]
2023-12-16 17:28:45,698 [WARN] MainUpdater:1189 - Updater busy. Cannot search thirdparties
2023-12-16 17:28:45,698 [INFO] ThirdPartyUpdaterWithRetryManager:96 - Updater plugin is busy. [1/15]
2023-12-16 17:28:46,570 [WARN] PackLoader:240 - Cannot read IP mode file for STMicroelectronics.FP-SNS-MOTENVWB1.1.3.1
2023-12-16 17:28:46,655 [WARN] PackLoader:240 - Cannot read IP mode file for STMicroelectronics.X-CUBE-BLEMGR.3.0.0
2023-12-16 17:28:46,695 [WARN] PackLoader:240 - Cannot read IP mode file for STMicroelectronics.X-CUBE-ISPU.2.0.0
2023-12-16 17:28:46,759 [WARN] PackLoader:240 - Cannot read IP mode file for STMicroelectronics.X-CUBE-TOF1.3.4.0
2023-12-16 17:28:46,775 [INFO] CheckServerUpdateThread:120 - End of CheckServer Thread
2023-12-16 17:28:46,822 [WARN] PackLoader:240 - Cannot read IP mode file for STMicroelectronics.X-CUBE-TOUCHGFX.4.23.0
2023-12-16 17:28:46,892 [WARN] PackLoader:240 - Cannot read IP mode file for STMicroelectronics.X-CUBE-AZRTOS-H7.3.2.0
2023-12-16 17:28:46,955 [WARN] PackLoader:240 - Cannot read IP mode file for Infineon.AIROC-Wi-Fi-Bluetooth-STM32.1.5.1
2023-12-16 17:28:47,022 [INFO] PopulateThirdPartyThread:66 - Ending populate Thread
2023-12-16 17:28:47,025 [INFO] ThirdParty:1030 - CMSIS Pack Vendor :STMicroelectronics FP-SNS-MOTENVWB1 1.3.1
2023-12-16 17:28:47,026 [INFO] ThirdParty:1030 - CMSIS Pack Vendor :STMicroelectronics X-CUBE-TOUCHGFX 4.23.0
2023-12-16 17:28:47,026 [INFO] ThirdParty:1030 - CMSIS Pack Vendor :STMicroelectronics X-CUBE-TOF1 3.4.0
2023-12-16 17:28:47,026 [INFO] ThirdParty:1030 - CMSIS Pack Vendor :STMicroelectronics X-CUBE-AZRTOS-H7 3.2.0
2023-12-16 17:28:47,026 [INFO] ThirdParty:1030 - CMSIS Pack Vendor :Infineon AIROC-Wi-Fi-Bluetooth-STM32 1.5.1
2023-12-16 17:28:47,026 [INFO] ThirdParty:1030 - CMSIS Pack Vendor :STMicroelectronics X-CUBE-BLEMGR 3.0.0
2023-12-16 17:28:47,026 [INFO] ThirdParty:1030 - CMSIS Pack Vendor :STMicroelectronics X-CUBE-ISPU 2.0.0
2023-12-16 17:28:47,026 [INFO] LoadServerUpdatesThread:373 - End of LoadServerUpdate Thread
2023-12-16 17:28:48,858 [WARN] PackLoader:240 - Cannot read IP mode file for STMicroelectronics.X-CUBE-SMBUS.2.1.0
2023-12-16 17:28:48,869 [WARN] PackLoader:240 - Cannot read IP mode file for STMicroelectronics.X-CUBE-TOUCHGFX.4.23.0
2023-12-16 17:28:48,910 [WARN] PackLoader:240 - Cannot read IP mode file for STMicroelectronics.X-CUBE-AZRTOS-F7.1.1.0
2023-12-16 17:28:48,933 [WARN] PackLoader:240 - Cannot read IP mode file for STMicroelectronics.FP-SNS-MOTENV1.4.3.2
2023-12-16 17:28:48,938 [WARN] PackLoader:240 - Cannot read IP mode file for STMicroelectronics.FP-SNS-FLIGHT1.5.0.2
2023-12-16 17:28:48,950 [WARN] PackLoader:240 - Cannot read IP mode file for STMicroelectronics.X-CUBE-DISPLAY.3.0.0
2023-12-16 17:28:48,975 [WARN] PackLoader:240 - Cannot read IP mode file for STMicroelectronics.X-CUBE-BLE1.7.0.0
2023-12-16 17:28:48,980 [WARN] PackLoader:240 - Cannot read IP mode file for STMicroelectronics.X-CUBE-TOUCHGFX.4.22.1
2023-12-16 17:28:48,992 [INFO] LogOutputStream:77 - [STDOUT_REDIRECT] 1 : Invalid condition id : UX_CORESTACK_Condition cause : null
2023-12-16 17:28:48,993 [INFO] LogOutputStream:77 - [STDOUT_REDIRECT] 1 : Invalid condition id : UX_CORESTACK_Condition cause : null
2023-12-16 17:28:48,993 [INFO] LogOutputStream:77 - [STDOUT_REDIRECT] 1 : Invalid condition id : UX_CORESTACK_Condition cause : null
2023-12-16 17:28:48,993 [INFO] LogOutputStream:77 - [STDOUT_REDIRECT] 1 : Invalid condition id : UX_CORESTACK_Condition cause : null
2023-12-16 17:28:48,993 [INFO] LogOutputStream:77 - [STDOUT_REDIRECT] 1 : Invalid condition id : UX_CORESTACK_Condition cause : null
2023-12-16 17:28:49,000 [WARN] PackLoader:240 - Cannot read IP mode file for STMicroelectronics.X-CUBE-AZRTOS-WL.2.0.0
2023-12-16 17:28:49,019 [WARN] PackLoader:240 - Cannot read IP mode file for WES.I-CUBE-Cesium.1.3.0
2023-12-16 17:28:49,024 [WARN] PackLoader:240 - Cannot read IP mode file for STMicroelectronics.X-CUBE-BLE2.3.3.0
2023-12-16 17:28:49,042 [WARN] PackLoader:240 - Cannot read IP mode file for STMicroelectronics.X-CUBE-ALGOBUILD.1.3.0
2023-12-16 17:28:49,065 [WARN] PackLoader:240 - Cannot read IP mode file for STMicroelectronics.X-CUBE-AZRTOS-G0.1.1.0
2023-12-16 17:28:49,076 [WARN] PackLoader:240 - Cannot read IP mode file for STMicroelectronics.X-CUBE-NFC4.3.0.0
2023-12-16 17:28:49,091 [WARN] PackLoader:240 - Cannot read IP mode file for STMicroelectronics.X-CUBE-BLEMGR.3.0.0
2023-12-16 17:28:49,098 [WARN] PackLoader:240 - Cannot read IP mode file for STMicroelectronics.FP-ATR-SIGFOX1.3.2.0
2023-12-16 17:28:49,110 [WARN] PackLoader:240 - Cannot read IP mode file for STMicroelectronics.X-CUBE-GNSS1.6.0.0
2023-12-16 17:28:49,153 [WARN] PackLoader:240 - Cannot read IP mode file for STMicroelectronics.X-CUBE-AZRTOS-F4.1.1.0
2023-12-16 17:28:49,199 [WARN] PackLoader:240 - Cannot read IP mode file for STMicroelectronics.X-CUBE-AZRTOS-L5.2.0.0
2023-12-16 17:28:49,221 [WARN] PackLoader:240 - Cannot read IP mode file for STMicroelectronics.X-CUBE-BLEMGR.2.0.0
2023-12-16 17:28:49,250 [WARN] ConditionMgr:438 - getConditionDescription Invalid condition id : UX DEVICE CLASS RTOS Condition cause : null
2023-12-16 17:28:49,251 [WARN] ConditionMgr:438 - getConditionDescription Invalid condition id : UX DEVICE CLASS RTOS Condition cause : null
2023-12-16 17:28:49,257 [WARN] PackLoader:240 - Cannot read IP mode file for STMicroelectronics.X-CUBE-AZRTOS-H7.3.1.0
2023-12-16 17:28:49,259 [WARN] ConditionMgr:1039 - genDependencies : Invalid condition id : UX DEVICE CLASS RTOS Condition cause : null
2023-12-16 17:28:49,259 [WARN] ConditionMgr:1039 - genDependencies : Invalid condition id : UX DEVICE CLASS RTOS Condition cause : null
2023-12-16 17:28:49,260 [WARN] ConditionMgr:1039 - genDependencies : Invalid condition id : UX DEVICE CLASS RTOS Condition cause : null
2023-12-16 17:28:49,261 [WARN] ConditionMgr:1039 - genDependencies : Invalid condition id : UX DEVICE CLASS RTOS Condition cause : null
2023-12-16 17:28:49,261 [WARN] ConditionMgr:1039 - genDependencies : Invalid condition id : UX DEVICE CLASS RTOS Condition cause : null
2023-12-16 17:28:49,276 [WARN] PackLoader:240 - Cannot read IP mode file for STMicroelectronics.X-CUBE-NFC7.1.0.1
2023-12-16 17:28:49,283 [WARN] PackLoader:240 - Cannot read IP mode file for STMicroelectronics.X-CUBE-AI.8.1.0
2023-12-16 17:28:49,306 [WARN] ConditionMgr:438 - getConditionDescription Invalid condition id : LAN8742 Phy interface Condition cause : null
2023-12-16 17:28:49,307 [WARN] PackLoader:240 - Cannot read IP mode file for STMicroelectronics.X-CUBE-AZRTOS-L4.2.0.0
2023-12-16 17:28:49,309 [WARN] ConditionMgr:1039 - genDependencies : Invalid condition id : LAN8742 Phy interface Condition cause : null
2023-12-16 17:28:49,309 [WARN] ConditionMgr:1039 - genDependencies : Invalid condition id : LAN8742 Phy interface Condition cause : null
2023-12-16 17:28:49,310 [WARN] ConditionMgr:1039 - genDependencies : Invalid condition id : LAN8742 Phy interface Condition cause : null
2023-12-16 17:28:49,329 [WARN] PackLoader:240 - Cannot read IP mode file for STMicroelectronics.X-CUBE-SFXS2LP1.4.0.0
2023-12-16 17:28:49,336 [WARN] PackLoader:240 - Cannot read IP mode file for STMicroelectronics.X-CUBE-ISPU.1.1.0
2023-12-16 17:28:49,349 [WARN] ConditionMgr:438 - getConditionDescription Invalid condition id : UX DEVICE CLASS RTOS Condition cause : null
2023-12-16 17:28:49,349 [WARN] ConditionMgr:438 - getConditionDescription Invalid condition id : UX DEVICE CLASS RTOS Condition cause : null
2023-12-16 17:28:49,353 [WARN] PackLoader:240 - Cannot read IP mode file for STMicroelectronics.X-CUBE-AZRTOS-WB.2.0.0
2023-12-16 17:28:49,354 [WARN] ConditionMgr:1039 - genDependencies : Invalid condition id : UX DEVICE CLASS RTOS Condition cause : null
2023-12-16 17:28:49,354 [WARN] ConditionMgr:1039 - genDependencies : Invalid condition id : UX DEVICE CLASS RTOS Condition cause : null
2023-12-16 17:28:49,355 [WARN] ConditionMgr:1039 - genDependencies : Invalid condition id : UX DEVICE CLASS RTOS Condition cause : null
2023-12-16 17:28:49,355 [WARN] ConditionMgr:1039 - genDependencies : Invalid condition id : UX DEVICE CLASS RTOS Condition cause : null
2023-12-16 17:28:49,355 [WARN] ConditionMgr:1039 - genDependencies : Invalid condition id : UX DEVICE CLASS RTOS Condition cause : null
2023-12-16 17:28:49,368 [WARN] PackLoader:240 - Cannot read IP mode file for STMicroelectronics.X-CUBE-SUBG2.5.0.0
2023-12-16 17:28:49,386 [WARN] PackLoader:240 - Cannot read IP mode file for STMicroelectronics.X-CUBE-TOF1.3.3.1
2023-12-16 17:28:49,409 [WARN] PackLoader:240 - Cannot read IP mode file for STMicroelectronics.X-CUBE-AZRTOS-G4.2.0.0
2023-12-16 17:28:49,424 [WARN] PackLoader:240 - Cannot read IP mode file for Infineon.AIROC-Wi-Fi-Bluetooth-STM32.1.5.1
2023-12-16 17:28:49,439 [WARN] PackLoader:240 - Cannot read IP mode file for STMicroelectronics.FP-SNS-MOTENVWB1.1.3.1
2023-12-16 17:28:49,443 [WARN] PackLoader:240 - Cannot read IP mode file for STMicroelectronics.X-CUBE-ISPU.2.0.0
2023-12-16 17:28:49,447 [WARN] PackLoader:240 - Cannot read IP mode file for STMicroelectronics.X-CUBE-FREERTOS.1.1.0
2023-12-16 17:28:49,452 [WARN] PackLoader:240 - Cannot read IP mode file for portGmbH.I-Cube-SoM-uGOAL.1.1.0
2023-12-16 17:28:49,454 [WARN] PackLoader:240 - Cannot read IP mode file for STMicroelectronics.X-CUBE-ALS.1.0.1
2023-12-16 17:28:49,456 [WARN] PackLoader:240 - Cannot read IP mode file for STMicroelectronics.FP-ATR-ASTRA1.2.0.0
2023-12-16 17:28:49,470 [WARN] PackLoader:240 - Cannot read IP mode file for STMicroelectronics.X-CUBE-TOF1.3.4.0
2023-12-16 17:28:49,536 [WARN] PackLoader:240 - Cannot read IP mode file for STMicroelectronics.X-CUBE-AZRTOS-H7.3.2.0
2023-12-16 17:28:49,542 [INFO] ThirdParty:978 - Integrity check success = true
2023-12-16 17:28:49,542 [INFO] IntegrityCheckThread:100 - exiting critical section [integrity check]
2023-12-16 17:28:49,542 [INFO] IntegrityCheckThread:103 - End integrity checks thread
2023-12-16 17:28:49,586 [INFO] Mcu:1946 - Initializing MCU STM32F103C(8-B)Tx STM32F103C8Tx STM32F103C8T6
2023-12-16 17:28:50,716 [INFO] Context:659 - Trying to add GPIOservice into a context  which must be forbidden
2023-12-16 17:28:51,087 [INFO] Rule:228 - rule WakeUp0 Mode is applicable
2023-12-16 17:28:51,087 [INFO] Rule:228 - rule WakeUp0 SIGNAL is applicable
2023-12-16 17:28:51,088 [INFO] Rule:228 - rule WakeUp1 Mode is applicable
2023-12-16 17:28:51,088 [INFO] Rule:228 - rule WakeUp1 SIGNAL is applicable
2023-12-16 17:28:51,088 [INFO] Rule:228 - rule WakeUp2 Mode is applicable
2023-12-16 17:28:51,088 [INFO] Rule:228 - rule WakeUp2 SIGNAL is applicable
2023-12-16 17:28:51,088 [INFO] Rule:228 - rule WakeUp4 Mode is applicable
2023-12-16 17:28:51,088 [INFO] Rule:228 - rule WakeUp4 SIGNAL is applicable
2023-12-16 17:28:51,088 [INFO] Rule:228 - rule WakeUp5 Mode is applicable
2023-12-16 17:28:51,088 [INFO] Rule:228 - rule WakeUp5 SIGNAL is applicable
2023-12-16 17:28:51,090 [INFO] DbConfProperties:307 - Apply Compatibility (0/10 Rules)
2023-12-16 17:28:51,270 [INFO] RtosManager:555 - Registered RTOS mode: class=CMSIS, group=RTOS, mode=CMSIS_V1, owner=FREERTOS
2023-12-16 17:28:51,271 [INFO] RtosManager:555 - Registered RTOS mode: class=CMSIS, group=RTOS2, mode=CMSIS_V2, owner=FREERTOS
2023-12-16 17:28:51,271 [INFO] RtosManager:555 - Registered RTOS mode: class=RTOS, group=Core, mode=CMSIS_V1, owner=FREERTOS
2023-12-16 17:28:51,271 [INFO] RtosManager:555 - Registered RTOS mode: class=RTOS, group=Core, mode=CMSIS_V2, owner=FREERTOS
2023-12-16 17:28:51,271 [WARN] ModelIntegratedComponent:184 - Missing modes for component STMicroelectronics:FreeRTOS:0.0.1:STMicroelectronics:RTOS:FreeRTOS:Core:::10.2.0:
2023-12-16 17:28:51,426 [WARN] ModelIntegratedComponent:63 - No mode defined for component null
2023-12-16 17:28:51,428 [WARN] ModelIntegratedComponent:63 - No mode defined for component null
2023-12-16 17:28:51,429 [WARN] ModelIntegratedComponent:63 - No mode defined for component null
2023-12-16 17:28:51,429 [WARN] ModelIntegratedComponent:63 - No mode defined for component null
2023-12-16 17:28:51,429 [WARN] ModelIntegratedComponent:63 - No mode defined for component null
2023-12-16 17:28:51,429 [WARN] ModelIntegratedComponent:63 - No mode defined for component null
2023-12-16 17:28:51,429 [WARN] ModelIntegratedComponent:63 - No mode defined for component null
2023-12-16 17:28:51,429 [WARN] ModelIntegratedComponent:63 - No mode defined for component null
2023-12-16 17:28:51,429 [WARN] ModelIntegratedComponent:63 - No mode defined for component null
2023-12-16 17:28:51,429 [WARN] ModelIntegratedComponent:63 - No mode defined for component null
2023-12-16 17:28:51,429 [WARN] ModelIntegratedComponent:63 - No mode defined for component null
2023-12-16 17:28:51,429 [WARN] ModelIntegratedComponent:63 - No mode defined for component null
2023-12-16 17:28:51,429 [WARN] ModelIntegratedComponent:63 - No mode defined for component null
2023-12-16 17:28:51,429 [WARN] ModelIntegratedComponent:63 - No mode defined for component null
2023-12-16 17:28:51,429 [WARN] ModelIntegratedComponent:63 - No mode defined for component null
2023-12-16 17:28:51,429 [WARN] ModelIntegratedComponent:63 - No mode defined for component null
2023-12-16 17:28:51,429 [WARN] ModelIntegratedComponent:63 - No mode defined for component null
2023-12-16 17:28:51,429 [WARN] ModelIntegratedComponent:63 - No mode defined for component null
2023-12-16 17:28:51,429 [WARN] ModelIntegratedComponent:63 - No mode defined for component null
2023-12-16 17:28:51,429 [WARN] ModelIntegratedComponent:63 - No mode defined for component null
2023-12-16 17:28:51,429 [WARN] ModelIntegratedComponent:63 - No mode defined for component null
2023-12-16 17:28:51,429 [WARN] ModelIntegratedComponent:63 - No mode defined for component null
2023-12-16 17:28:51,429 [WARN] ModelIntegratedComponent:63 - No mode defined for component null
2023-12-16 17:28:51,429 [WARN] ModelIntegratedComponent:63 - No mode defined for component null
2023-12-16 17:28:51,429 [WARN] ModelIntegratedComponent:63 - No mode defined for component null
2023-12-16 17:28:51,429 [WARN] ModelIntegratedComponent:63 - No mode defined for component null
2023-12-16 17:28:51,429 [WARN] ModelIntegratedComponent:63 - No mode defined for component null
2023-12-16 17:28:51,429 [WARN] ModelIntegratedComponent:63 - No mode defined for component null
2023-12-16 17:28:51,429 [WARN] ModelIntegratedComponent:63 - No mode defined for component null
2023-12-16 17:28:51,430 [WARN] ModelIntegratedComponent:63 - No mode defined for component null
2023-12-16 17:28:51,431 [WARN] ModelIntegratedComponent:63 - No mode defined for component null
2023-12-16 17:28:51,432 [WARN] ModelIntegratedComponent:63 - No mode defined for component null
2023-12-16 17:28:51,432 [WARN] ModelIntegratedComponent:63 - No mode defined for component null
2023-12-16 17:28:51,463 [INFO] ThirdPartyModel:298 - Start build external matchings
2023-12-16 17:28:51,573 [INFO] ThirdPartyModel:316 - End build external matchings
2023-12-16 17:28:51,924 [INFO] UtilMem:75 - End LoadConfig() Used Memory: 182968488 Bytes (510656512)
2023-12-16 17:28:53,184 [INFO] ApiDb:581 - Connected to CubeFinder SQLite database (/Users/dennischang/.stmcufinder/plugins/mcufinder/mcu/cube-finder-db.db)
2023-12-16 17:28:53,224 [INFO] ApiDb:668 - CubeFinder database Data Model version=2.1
2023-12-16 17:28:53,224 [INFO] ApiDb:669 - CubeFinder database Configuration version=3.0.37
2023-12-16 17:28:53,225 [INFO] ApiDb:670 - CubeFinder database generation date=2023-10-13 (1697197505)
2023-12-16 17:28:53,225 [INFO] ApiDb:671 - CubeFinder database FW Pack versions=[FP-ATR-ASTRA1_V2.0.0, FP-SNS-FLIGHT1_V5.0.1, FP-SNS-FLIGHT1_V5.0.2, FP-SNS-MOTENV1_V4.3.1, FP-SNS-MOTENV1_V4.3.2, FP-SNS-SMARTAG2_V1.2.0, I-CUBE-ITTIADB_V8.6.3-1, STM32Cube_FW_C0_V1.1.0, STM32Cube_FW_F4_V1.27.1, STM32Cube_FW_F7_V1.17.0, STM32Cube_FW_G0_V1.6.1, STM32Cube_FW_G4_V1.5.1, STM32Cube_FW_H5_V0.5.1, STM32Cube_FW_H5_V1.1.1, STM32Cube_FW_H7_V1.11.0, STM32Cube_FW_L0_V1.12.2, STM32Cube_FW_L5_V1.5.0, STM32Cube_FW_U5_V1.3.0, STM32Cube_FW_U5_V1.3.0RC4, STM32Cube_FW_WBA_V1.0.0RC1, STM32Cube_FW_WBA_V1.1.0RC1, STM32Cube_FW_WBA_V1.1.1, STM32Cube_FW_WB_V1.15.0RC1, STM32Cube_FW_WB_V1.16.0, STM32Cube_FW_WB_V1.16.0RC2, STM32Cube_FW_WB_V1.17.3, STM32Cube_FW_WL_V1.3.0, X-CUBE-ALGOBUILD_V1.3.0, X-CUBE-ALS_V1.0.1, X-CUBE-AZRTOS-F4_V1.1.0, X-CUBE-AZRTOS-F7_V1.1.0, X-CUBE-AZRTOS-G0_V1.1.0, X-CUBE-AZRTOS-G4_V2.0.0, X-CUBE-AZRTOS-H7_V3.1.0, X-CUBE-AZRTOS-L4_V1.0.0, X-CUBE-AZRTOS-L4_V2.0.0, X-CUBE-AZRTOS-L5_V1.1.0, X-CUBE-AZRTOS-WB_V2.0.0, X-CUBE-AZRTOS-WL_V2.0.0, X-CUBE-BLE1_V7.0.0, X-CUBE-BLE2_V3.3.0, X-CUBE-BLEMGR_V2.0.0, X-CUBE-EEPRMA1_V4.1.0, X-CUBE-FREERTOS_V1.1.0, X-CUBE-GNSS1_V6.0.0, X-CUBE-MEMS1_V10.0.0, X-CUBE-MEMS1_V9.1.0, X-CUBE-MEMS1_V9.4.0, X-CUBE-MEMS1_V9.6.0, X-CUBE-NFC4_V3.0.0, X-CUBE-NFC7_V1.0.1, X-CUBE-SFXS2LP1_V4.0.0, X-CUBE-SUBG2_V5.0.0, X-CUBE-TOF1_V3.3.1]
2023-12-16 17:28:54,329 [INFO] ApiDb:240 - Found 323 in-development CPN: [B-G473E-ZEST1S, B-WB1M-WPAN1, B-WL5M-SUBG1, NUCLEO-C031C6, NUCLEO-H503RB, NUCLEO-H563ZI, NUCLEO-U545RE-Q, NUCLEO-U5A5ZJ-Q, NUCLEO-WBA52CG, STEVAL-PROTEUS1, STEVAL-SMARTAG2, STEVAL-STWINBX1, STM320518-EVAL, STM32C0116-DK, STM32C011D6Y3TR, STM32C011D6Y6TR, STM32C011F4P3, STM32C011F4P6, STM32C011F4U3, STM32C011F4U6TR, STM32C011F6P3, STM32C011F6P6, STM32C011F6U3, STM32C011F6U6TR, STM32C011J4M3, STM32C011J4M6, STM32C011J6M3, STM32C011J6M6, STM32C0316-DK, STM32C031C4T3, STM32C031C4T6, STM32C031C4U3, STM32C031C4U6, STM32C031C6T3, STM32C031C6T6, STM32C031C6U3, STM32C031C6U6, STM32C031F4P3, STM32C031F4P6, STM32C031F6P3, STM32C031F6P6, STM32C031G4U3, STM32C031G4U6, STM32C031G6U3, STM32C031G6U6, STM32C031K4T3, STM32C031K4T6, STM32C031K4U3, STM32C031K4U6, STM32C031K6T3, STM32C031K6T6, STM32C031K6U3, STM32C031K6U6, STM32G071K8TXN, STM32G071K8UXN, STM32G081GBU6N, STM32G081KBT6N, STM32G081KBUXN, STM32G0B1CCT6N, STM32G0B1KCT6, STM32G0B1NEY6TR, STM32G0B1RCT6N, STM32G0C1CCT6, STM32G0C1CCT6N, STM32G0C1CCU6N, STM32G0C1CET6N, STM32G0C1CEU6N, STM32G0C1KCT6, STM32G0C1NEY6TR, STM32G0C1RCI6N, STM32G0C1RCT6N, STM32G0C1REI6N, STM32G0C1RET6N, STM32G0C1VCI6, STM32G0C1VEI6, STM32G471CCT6, STM32G471CCU6, STM32G471CET3, STM32G471CET6, STM32G471CEU3, STM32G471CEU6, STM32G471MCT6, STM32G471MET3, STM32G471MET6, STM32G471MEY6TR, STM32G471QCT6, STM32G471QET3, STM32G471RCT6, STM32G471RET3, STM32G471RET6, STM32G471VCH6, STM32G471VCI6, STM32G471VCT6, STM32G471VEH3, STM32G471VEH6, STM32G471VEI3, STM32G471VEI6, STM32G471VET3, STM32G471VET6, STM32G474CCT6, STM32H503CBT6, STM32H503CBU6, STM32H503EBY6TR, STM32H503KBU6, STM32H503RBT6, STM32H562AGI6, STM32H562AII6, STM32H562IGK6, STM32H562IGT6, STM32H562IIK6, STM32H562IIT6, STM32H562RGT6, STM32H562RGV6, STM32H562RIT6, STM32H562RIV6, STM32H562VGT6, STM32H562VIT6, STM32H562ZGT6, STM32H562ZIT6, STM32H563AGI6, STM32H563AII3Q, STM32H563AII6, STM32H563IGK6, STM32H563IGT6, STM32H563IIK3Q, STM32H563IIK6, STM32H563IIT3Q, STM32H563IIT6, STM32H563MIY3QTR, STM32H563RGT6, STM32H563RGV6, STM32H563RIT6, STM32H563RIV6, STM32H563VGT6, STM32H563VIT3Q, STM32H563VIT6, STM32H563ZGT6, STM32H563ZIT3Q, STM32H563ZIT6, STM32H573AII3Q, STM32H573AII6, STM32H573I-DK, STM32H573IIK3Q, STM32H573IIK6, STM32H573IIT3Q, STM32H573IIT6, STM32H573MIY3QTR, STM32H573RIT6, STM32H573RIV6, STM32H573VIT3Q, STM32H573VIT6, STM32H573ZIT3Q, STM32H573ZIT6, STM32L4R5QGI6STR, STM32MP131AAE3, STM32MP131AAF3, STM32MP131AAG3, STM32MP131CAE3, STM32MP131CAF3, STM32MP131CAG3, STM32MP131DAE7, STM32MP131DAF7, STM32MP131DAG7, STM32MP131FAE7, STM32MP131FAF7, STM32MP131FAG7, STM32MP133AAE3, STM32MP133AAF3, STM32MP133AAG3, STM32MP133CAE3, STM32MP133CAF3, STM32MP133CAG3, STM32MP133DAE7, STM32MP133DAF7, STM32MP133DAG7, STM32MP133FAE7, STM32MP133FAF7, STM32MP133FAG7, STM32MP135AAE3, STM32MP135AAF3, STM32MP135AAG3, STM32MP135CAE3, STM32MP135CAF3, STM32MP135CAG3, STM32MP135DAE7, STM32MP135DAF7, STM32MP135DAG7, STM32MP135F-DK, STM32MP135FAE7, STM32MP135FAF7, STM32MP135FAF7T, STM32MP135FAF7U, STM32MP135FAG7, STM32U535CBT6, STM32U535CBT6Q, STM32U535CBU6, STM32U535CBU6Q, STM32U535CCT6, STM32U535CCT6Q, STM32U535CCU6, STM32U535CCU6Q, STM32U535CET6, STM32U535CET6Q, STM32U535CEU6, STM32U535CEU6Q, STM32U535JEY6QTR, STM32U535NCY6QTR, STM32U535NEY6QTR, STM32U535RBI6, STM32U535RBI6Q, STM32U535RBT6, STM32U535RBT6Q, STM32U535RCI6, STM32U535RCI6Q, STM32U535RCT6, STM32U535RCT6Q, STM32U535REI6, STM32U535REI6Q, STM32U535RET6, STM32U535RET6Q, STM32U535VCI6, STM32U535VCI6Q, STM32U535VCT6, STM32U535VCT6Q, STM32U535VEI6, STM32U535VEI6Q, STM32U535VET6, STM32U535VET6Q, STM32U545CET6, STM32U545CET6Q, STM32U545CEU6, STM32U545CEU6Q, STM32U545JEY6QTR, STM32U545NEY6QTR, STM32U545REI6, STM32U545REI6Q, STM32U545RET6, STM32U545RET6Q, STM32U545VEI6, STM32U545VEI6Q, STM32U545VET6, STM32U545VET6Q, STM32U595AIH6, STM32U595AIH6Q, STM32U595AJH6, STM32U595AJH6Q, STM32U595QII6, STM32U595QII6Q, STM32U595QJI6, STM32U595QJI6Q, STM32U595RIT6, STM32U595RIT6Q, STM32U595RJT6, STM32U595RJT6Q, STM32U595VIT6, STM32U595VIT6Q, STM32U595VJT6, STM32U595VJT6Q, STM32U595ZIT6, STM32U595ZIT6Q, STM32U595ZIY6QTR, STM32U595ZJT6, STM32U595ZJT6Q, STM32U595ZJY6QTR, STM32U599BJY6QTR, STM32U599NIH6Q, STM32U599NJH6Q, STM32U599VIT6Q, STM32U599VJT6, STM32U599VJT6Q, STM32U599ZIT6Q, STM32U599ZIY6QTR, STM32U599ZJT6Q, STM32U599ZJY6QTR, STM32U5A5AJH6, STM32U5A5AJH6Q, STM32U5A5QJI6, STM32U5A5QJI6Q, STM32U5A5RJT6, STM32U5A5RJT6Q, STM32U5A5VJT6, STM32U5A5VJT6Q, STM32U5A5ZJT6, STM32U5A5ZJT6Q, STM32U5A5ZJY6QTR, STM32U5A9BJY6QTR, STM32U5A9J-DK, STM32U5A9NJH6Q, STM32U5A9VJT6Q, STM32U5A9ZJT6Q, STM32U5A9ZJY6QTR, STM32U5F7VIT6, STM32U5F7VIT6Q, STM32U5F7VJT6, STM32U5F7VJT6Q, STM32U5F9BJY6QTR, STM32U5F9NJH6Q, STM32U5F9VIT6Q, STM32U5F9VJT6Q, STM32U5F9ZIJ6QTR, STM32U5F9ZIT6Q, STM32U5F9ZJJ6QTR, STM32U5F9ZJT6Q, STM32U5G7VJT6, STM32U5G7VJT6Q, STM32U5G9BJY6QTR, STM32U5G9J-DK1, STM32U5G9J-DK2, STM32U5G9NJH6Q, STM32U5G9VJT6Q, STM32U5G9ZJJ6QTR, STM32U5G9ZJT6Q, STM32WB1MMCH6, STM32WBA52CEU6, STM32WBA52CEU6T, STM32WBA52CGU6, STM32WBA52CGU6T, STM32WBA52KEU6, STM32WBA52KEU6T, STM32WBA52KGU6, STM32WBA52KGU6T, STM32WL5MOCH6, STM32WL5MOCH6TR]
2023-12-16 17:28:54,334 [INFO] DbMcus:217 - Found 3848 MCUs, 3848 are supported
2023-12-16 17:28:54,335 [INFO] ApiDb:423 - Load user favorites file /Users/dennischang/.stm32cubeide/favorites.mcus.txt: 0 item(s)
2023-12-16 17:28:54,335 [INFO] ApiDb:427 - User favorites MCUs=[]
2023-12-16 17:28:54,335 [INFO] DbMcus:223 - Set 0 / 0 favorites MCUs
2023-12-16 17:28:54,596 [WARN] ThirdParty:833 - waiting for thirdparty lock release [change project]
2023-12-16 17:28:54,596 [INFO] ThirdParty:835 - entering critical section [change project]
2023-12-16 17:28:54,596 [INFO] ThirdParty:1030 - CMSIS Pack Vendor :STMicroelectronics X-CUBE-ISPU 1.1.0
2023-12-16 17:28:54,596 [INFO] ThirdParty:1030 - CMSIS Pack Vendor :STMicroelectronics USBPD 4.1
2023-12-16 17:28:54,596 [INFO] ThirdParty:1030 - CMSIS Pack Vendor :STMicroelectronics X-CUBE-GNSS1 6.0.0
2023-12-16 17:28:54,596 [INFO] ThirdParty:1030 - CMSIS Pack Vendor :STMicroelectronics USB_HOST 2.0.0
2023-12-16 17:28:54,596 [INFO] ThirdParty:1030 - CMSIS Pack Vendor :STMicroelectronics X-CUBE-AZRTOS-F4 1.1.0
2023-12-16 17:28:54,596 [INFO] ThirdParty:1030 - CMSIS Pack Vendor :STMicroelectronics LIBJPEG 8.0.0
2023-12-16 17:28:54,596 [INFO] ThirdParty:1030 - CMSIS Pack Vendor :STMicroelectronics X-CUBE-SMBUS 2.1.0
2023-12-16 17:28:54,596 [INFO] ThirdParty:1030 - CMSIS Pack Vendor :STMicroelectronics USB_DEVICE 3.0.0
2023-12-16 17:28:54,596 [INFO] ThirdParty:1030 - CMSIS Pack Vendor :STMicroelectronics X-CUBE-AZRTOS-WB 2.0.0
2023-12-16 17:28:54,596 [INFO] ThirdParty:1030 - CMSIS Pack Vendor :STMicroelectronics X-CUBE-TOUCHGFX 4.23.0
2023-12-16 17:28:54,596 [INFO] ThirdParty:1030 - CMSIS Pack Vendor :STMicroelectronics X-CUBE-AZRTOS-F7 1.1.0
2023-12-16 17:28:54,596 [INFO] ThirdParty:1030 - CMSIS Pack Vendor :STMicroelectronics X-CUBE-AZRTOS-L5 2.0.0
2023-12-16 17:28:54,596 [INFO] ThirdParty:1030 - CMSIS Pack Vendor :STMicroelectronics USB_DEVICE 2.0.0
2023-12-16 17:28:54,596 [INFO] ThirdParty:1030 - CMSIS Pack Vendor :STMicroelectronics FP-SNS-MOTENV1 4.3.2
2023-12-16 17:28:54,596 [INFO] ThirdParty:1030 - CMSIS Pack Vendor :STMicroelectronics X-CUBE-ALGOBUILD 1.3.0
2023-12-16 17:28:54,596 [INFO] ThirdParty:1030 - CMSIS Pack Vendor :STMicroelectronics FreeRTOS 0.0.1
2023-12-16 17:28:54,596 [INFO] ThirdParty:1030 - CMSIS Pack Vendor :STMicroelectronics X-CUBE-AZRTOS-G0 1.1.0
2023-12-16 17:28:54,596 [INFO] ThirdParty:1030 - CMSIS Pack Vendor :STMicroelectronics X-CUBE-BLEMGR 2.0.0
2023-12-16 17:28:54,596 [INFO] ThirdParty:1030 - CMSIS Pack Vendor :STMicroelectronics X-CUBE-NFC4 3.0.0
2023-12-16 17:28:54,596 [INFO] ThirdParty:1030 - CMSIS Pack Vendor :STMicroelectronics X-CUBE-SUBG2 5.0.0
2023-12-16 17:28:54,596 [INFO] ThirdParty:1030 - CMSIS Pack Vendor :STMicroelectronics STM32_WPAN 1.0.0
2023-12-16 17:28:54,596 [INFO] ThirdParty:1030 - CMSIS Pack Vendor :STMicroelectronics lwIP 2.0.3
2023-12-16 17:28:54,596 [INFO] ThirdParty:1030 - CMSIS Pack Vendor :STMicroelectronics FP-SNS-FLIGHT1 5.0.2
2023-12-16 17:28:54,596 [INFO] ThirdParty:1030 - CMSIS Pack Vendor :STMicroelectronics USB_HOST 1.0.0
2023-12-16 17:28:54,596 [INFO] ThirdParty:1030 - CMSIS Pack Vendor :STMicroelectronics X-CUBE-TOF1 3.3.1
2023-12-16 17:28:54,596 [INFO] ThirdParty:1030 - CMSIS Pack Vendor :STMicroelectronics X-CUBE-AZRTOS-G4 2.0.0
2023-12-16 17:28:54,596 [INFO] ThirdParty:1030 - CMSIS Pack Vendor :STMicroelectronics PDM2PCM 3.1.0
2023-12-16 17:28:54,597 [INFO] ThirdParty:1030 - CMSIS Pack Vendor :STMicroelectronics X-CUBE-AZRTOS-H7 3.1.0
2023-12-16 17:28:54,597 [INFO] ThirdParty:1030 - CMSIS Pack Vendor :Infineon AIROC-Wi-Fi-Bluetooth-STM32 1.5.1
2023-12-16 17:28:54,597 [INFO] ThirdParty:1030 - CMSIS Pack Vendor :STMicroelectronics X-CUBE-BLEMGR 3.0.0
2023-12-16 17:28:54,597 [INFO] ThirdParty:1030 - CMSIS Pack Vendor :STMicroelectronics PDM2PCM 3.3.0
2023-12-16 17:28:54,597 [INFO] ThirdParty:1030 - CMSIS Pack Vendor :STMicroelectronics X-CUBE-DISPLAY 3.0.0
2023-12-16 17:28:54,597 [INFO] ThirdParty:1030 - CMSIS Pack Vendor :STMicroelectronics FP-SNS-MOTENVWB1 1.3.1
2023-12-16 17:28:54,597 [INFO] ThirdParty:1030 - CMSIS Pack Vendor :STMicroelectronics X-CUBE-BLE1 7.0.0
2023-12-16 17:28:54,597 [INFO] ThirdParty:1030 - CMSIS Pack Vendor :STMicroelectronics FP-ATR-SIGFOX1 3.2.0
2023-12-16 17:28:54,597 [INFO] ThirdParty:1030 - CMSIS Pack Vendor :STMicroelectronics X-CUBE-ISPU 2.0.0
2023-12-16 17:28:54,597 [INFO] ThirdParty:1030 - CMSIS Pack Vendor :STMicroelectronics HAL Drivers 0.0.0
2023-12-16 17:28:54,597 [INFO] ThirdParty:1030 - CMSIS Pack Vendor :STMicroelectronics MBEDTLS 2.16.2
2023-12-16 17:28:54,597 [INFO] ThirdParty:1030 - CMSIS Pack Vendor :STMicroelectronics X-CUBE-FREERTOS 1.1.0
2023-12-16 17:28:54,597 [INFO] ThirdParty:1030 - CMSIS Pack Vendor :STMicroelectronics X-CUBE-NFC7 1.0.1
2023-12-16 17:28:54,597 [INFO] ThirdParty:1030 - CMSIS Pack Vendor :STMicroelectronics MBEDTLS 2.14.1
2023-12-16 17:28:54,597 [INFO] ThirdParty:1030 - CMSIS Pack Vendor :STMicroelectronics X-CUBE-TOUCHGFX 4.22.1
2023-12-16 17:28:54,597 [INFO] ThirdParty:1030 - CMSIS Pack Vendor :portGmbH I-Cube-SoM-uGOAL 1.1.0
2023-12-16 17:28:54,597 [INFO] ThirdParty:1030 - CMSIS Pack Vendor :STMicroelectronics X-CUBE-ALS 1.0.1
2023-12-16 17:28:54,597 [INFO] ThirdParty:1030 - CMSIS Pack Vendor :STMicroelectronics ThreadX 1.0.0
2023-12-16 17:28:54,597 [INFO] ThirdParty:1030 - CMSIS Pack Vendor :STMicroelectronics X-CUBE-AZRTOS-WL 2.0.0
2023-12-16 17:28:54,597 [INFO] ThirdParty:1030 - CMSIS Pack Vendor :STMicroelectronics USB_DEVICE 1.0.0
2023-12-16 17:28:54,597 [INFO] ThirdParty:1030 - CMSIS Pack Vendor :STMicroelectronics X-CUBE-AI 8.1.0
2023-12-16 17:28:54,597 [INFO] ThirdParty:1030 - CMSIS Pack Vendor :STMicroelectronics X-CUBE-AZRTOS-L4 2.0.0
2023-12-16 17:28:54,597 [INFO] ThirdParty:1030 - CMSIS Pack Vendor :STMicroelectronics ThreadX 0.0.2
2023-12-16 17:28:54,597 [INFO] ThirdParty:1030 - CMSIS Pack Vendor :WES I-CUBE-Cesium 1.3.0
2023-12-16 17:28:54,597 [INFO] ThirdParty:1030 - CMSIS Pack Vendor :STMicroelectronics FP-ATR-ASTRA1 2.0.0
2023-12-16 17:28:54,597 [INFO] ThirdParty:1030 - CMSIS Pack Vendor :STMicroelectronics lwIP 2.1.2
2023-12-16 17:28:54,597 [INFO] ThirdParty:1030 - CMSIS Pack Vendor :STMicroelectronics X-CUBE-SFXS2LP1 4.0.0
2023-12-16 17:28:54,597 [INFO] ThirdParty:1030 - CMSIS Pack Vendor :STMicroelectronics X-CUBE-BLE2 3.3.0
2023-12-16 17:28:54,597 [INFO] ThirdParty:1030 - CMSIS Pack Vendor :STMicroelectronics X-CUBE-TOF1 3.4.0
2023-12-16 17:28:54,597 [INFO] ThirdParty:1030 - CMSIS Pack Vendor :STMicroelectronics X-CUBE-AZRTOS-H7 3.2.0
2023-12-16 17:28:54,597 [INFO] ThirdParty:1030 - CMSIS Pack Vendor :STMicroelectronics PDM2PCM 3.2.0
2023-12-16 17:28:54,599 [INFO] ThirdParty:841 - exiting critical section [change project]
2023-12-16 17:28:55,086 [INFO] PinOutPanel:1499 - setPackage(No Configuration,No Configuration)
2023-12-16 17:28:55,089 [INFO] PinOutPanel:1499 - setPackage(STM32F103C8Tx,LQFP48)
2023-12-16 17:28:55,711 [INFO] UtilMem:75 - Before build in PCC Used Memory: 233283520 Bytes (510656512)
2023-12-16 17:28:56,878 [INFO] UtilMem:75 - After build in PCC Used Memory: 310899024 Bytes (510656512)
2023-12-16 17:28:56,926 [INFO] IPUIPlugin:80 - create IPUIPlugin
2023-12-16 17:28:56,926 [INFO] IPUIPlugin:80 - create IPUIPlugin
2023-12-16 17:28:56,927 [INFO] IPUIPlugin:80 - create IPUIPlugin
2023-12-16 17:28:56,927 [INFO] IPUIPlugin:80 - create IPUIPlugin
2023-12-16 17:28:56,928 [INFO] IPUIPlugin:80 - create IPUIPlugin
2023-12-16 17:28:56,928 [INFO] IPUIPlugin:80 - create IPUIPlugin
2023-12-16 17:28:56,928 [INFO] IPUIPlugin:80 - create IPUIPlugin
2023-12-16 17:28:56,928 [INFO] IPUIPlugin:80 - create IPUIPlugin
2023-12-16 17:28:56,928 [INFO] IPUIPlugin:80 - create IPUIPlugin
2023-12-16 17:28:56,928 [INFO] IPUIPlugin:80 - create IPUIPlugin
2023-12-16 17:28:56,929 [INFO] IPUIPlugin:80 - create IPUIPlugin
2023-12-16 17:28:56,929 [INFO] IPUIPlugin:80 - create IPUIPlugin
2023-12-16 17:28:56,929 [INFO] IPUIPlugin:80 - create IPUIPlugin
2023-12-16 17:28:56,934 [INFO] IPUIPlugin:80 - create IPUIPlugin
2023-12-16 17:28:56,934 [INFO] IPUIPlugin:80 - create IPUIPlugin
2023-12-16 17:28:56,935 [INFO] IPUIPlugin:80 - create IPUIPlugin
2023-12-16 17:28:56,935 [INFO] IPUIPlugin:80 - create IPUIPlugin
2023-12-16 17:28:56,935 [INFO] IPUIPlugin:80 - create IPUIPlugin
2023-12-16 17:28:56,935 [INFO] IPUIPlugin:80 - create IPUIPlugin
2023-12-16 17:28:56,935 [INFO] IPUIPlugin:80 - create IPUIPlugin
2023-12-16 17:28:56,935 [INFO] IPUIPlugin:80 - create IPUIPlugin
2023-12-16 17:28:56,935 [INFO] IPUIPlugin:80 - create IPUIPlugin
2023-12-16 17:28:56,935 [INFO] IPUIPlugin:80 - create IPUIPlugin
2023-12-16 17:28:56,935 [INFO] IPUIPlugin:80 - create IPUIPlugin
2023-12-16 17:28:56,935 [INFO] IPUIPlugin:80 - create IPUIPlugin
2023-12-16 17:28:56,935 [INFO] IPUIPlugin:80 - create IPUIPlugin
2023-12-16 17:28:56,936 [INFO] IPUIPlugin:80 - create IPUIPlugin
2023-12-16 17:28:56,951 [INFO] Can:71 - Can Add PropertyChangeListener com.st.microxplorer.plugins.ip.can.Can@41b52c6b
2023-12-16 17:28:57,356 [INFO] CADModel:165 - CPN selected for project levelSTM32F103C8T6
2023-12-16 17:28:57,358 [INFO] CADModel:114 - Register for checkConnection events
2023-12-16 17:28:57,407 [INFO] OpenFileManager:328 - Restore cursor
2023-12-16 18:14:05,980 [ERROR] LogOutputStream:75 - [STDERR_REDIRECT] 
